2024-10-21 03:40:50.883464 - Error en la etapa run_cntraining: [Errno 13] Permission denied: 'progress.json'
2024-10-21 03:46:43.541461 - Error: 
2024-10-21 03:46:43.542459 - Error al combinar resultados de cntraining: Error al combinar resultados de cntraining
2024-10-21 03:46:43.546447 - Error en la etapa run_cntraining: Fallo en la etapa: run_cntraining
2024-10-21 03:55:06.761124 - Error: ERROR: Non-existent flag --tr_file_list

2024-10-21 03:55:06.761124 - Error al combinar resultados de cntraining: Error al combinar resultados de cntraining
2024-10-21 03:55:06.766111 - Error en la etapa run_cntraining: Fallo en la etapa: run_cntraining
2024-10-21 03:58:04.789540 - Error: ERROR: Non-existent flag --tr_file_list

2024-10-21 03:58:04.790538 - Error al combinar resultados de cntraining: Error al combinar resultados de cntraining
2024-10-21 03:58:04.793529 - Error en la etapa run_cntraining: Fallo en la etapa: run_cntraining
2024-10-21 03:58:57.744150 - Error: ERROR: Non-existent flag --tr_file_list

2024-10-21 03:58:57.744150 - Error al combinar resultados de cntraining: Error al combinar resultados de cntraining
2024-10-21 03:58:57.749136 - Error en la etapa run_cntraining: Fallo en la etapa: run_cntraining
2024-10-21 04:00:56.894053 - Error: ERROR: Non-existent flag --tr_file_list

2024-10-21 04:00:56.895050 - Error al combinar resultados de cntraining: Error al combinar resultados de cntraining
2024-10-21 04:00:56.898043 - Error en la etapa run_cntraining: Fallo en la etapa: run_cntraining
2024-10-21 04:02:14.842641 - Error: ERROR: Non-existent flag --tr_file_list

2024-10-21 04:02:14.842641 - Error al combinar resultados de cntraining: Error al combinar resultados de cntraining
2024-10-21 04:02:14.846631 - Error en la etapa run_cntraining: Fallo en la etapa: run_cntraining
2024-10-21 04:06:33.269184 - Error: ERROR: Non-existent flag --tr_file_list

2024-10-21 04:06:33.269184 - Error al combinar resultados de cntraining: Error al combinar resultados de cntraining
2024-10-21 04:06:33.273173 - Error en la etapa run_cntraining: Fallo en la etapa: run_cntraining
2024-10-21 04:07:50.593262 - Error: ERROR: Non-existent flag --tr_file_list

2024-10-21 04:07:50.593262 - Error al combinar resultados de cntraining: Error al combinar resultados de cntraining
2024-10-21 04:07:50.597251 - Error en la etapa run_cntraining: Fallo en la etapa: run_cntraining
2024-10-21 04:10:26.622835 - Error: ERROR: Non-existent flag --tr_file_list

2024-10-21 04:10:26.623834 - Error al combinar resultados de cntraining: Error al combinar resultados de cntraining
2024-10-21 04:10:26.627821 - Error en la etapa run_cntraining: Fallo en la etapa: run_cntraining
2024-10-21 04:14:03.457636 - Error: ERROR: Non-existent flag --tr_file_list

2024-10-21 04:14:03.458633 - Error al combinar resultados de cntraining: Error al combinar resultados de cntraining
2024-10-21 04:14:03.461625 - Error en la etapa run_cntraining: Fallo en la etapa: run_cntraining
2024-10-21 04:15:41.571610 - Error: ERROR: Non-existent flag --tr_file_list

2024-10-21 04:15:41.571610 - Error al combinar resultados de cntraining: Error al combinar resultados de cntraining
2024-10-21 04:15:41.575599 - Error en la etapa run_cntraining: Fallo en la etapa: run_cntraining
2024-10-21 04:19:25.237671 - Error: ERROR: Non-existent flag --tr_file_list

2024-10-21 04:19:25.237671 - Error al combinar resultados de cntraining: Error al combinar resultados de cntraining
2024-10-21 04:19:25.241661 - Error en la etapa run_cntraining: Fallo en la etapa: run_cntraining
2024-10-21 04:22:14.130639 - Error: ERROR: Non-existent flag --tr_file_list

2024-10-21 04:22:14.131637 - Error al combinar resultados de cntraining: Error al combinar resultados de cntraining
2024-10-21 04:22:14.135626 - Error en la etapa run_cntraining: Fallo en la etapa: run_cntraining
2024-10-21 04:36:54.108587 - Error: 
2024-10-21 04:36:54.108587 - Error al combinar resultados de cntraining: Error al combinar resultados de cntraining en el lote 0
2024-10-21 04:36:54.112576 - Error en la etapa run_cntraining: Fallo en la etapa: run_cntraining
2024-10-21 04:40:50.377708 - Error: 
2024-10-21 04:40:50.378706 - Error al combinar resultados de cntraining: Error al combinar resultados de cntraining en el lote 0
2024-10-21 04:40:50.383692 - Error en la etapa run_cntraining: Fallo en la etapa: run_cntraining
2024-10-21 04:49:07.575743 - Error (código 3): TrainingPage:Error:Assert failed:in file ../../../src/training/cntraining.cpp, line 125

2024-10-21 04:49:07.575743 - Error al combinar resultados de cntraining: Error al combinar resultados de cntraining en el lote 0
2024-10-21 04:49:07.580729 - Error en la etapa run_cntraining: Fallo en la etapa: run_cntraining
2024-10-21 05:37:00.562358 - Error (código 1): ERROR: Non-existent flag --output_unicharset

2024-10-21 05:37:00.563355 - Error en combine_lang_model: Error al combinar unicharset
2024-10-21 05:37:00.566348 - Error en la etapa combine_unicharset: Fallo en la etapa: combine_unicharset
2024-10-21 14:55:12.703402 - Error en combine_lang_model: 'charmap' codec can't encode character '\u690d' in position 515: character maps to <undefined>
2024-10-21 14:55:12.708390 - Error en la etapa combine_unicharset: Fallo en la etapa: combine_unicharset
2024-10-21 14:57:29.302710 - Error en la etapa combine_unicharset: 'charmap' codec can't encode character '\u690d' in position 556: character maps to <undefined>
2024-10-21 15:06:25.398856 - Error en la etapa combine_unicharset: 'charmap' codec can't encode character '\u690d' in position 556: character maps to <undefined>
2024-10-21 15:39:44.641448 - Error en la etapa combine_unicharset: 'charmap' codec can't encode character '\u690d' in position 556: character maps to <undefined>
2024-10-21 15:42:13.648646 - Error en la etapa combine_unicharset: 'charmap' codec can't encode character '\u690d' in position 556: character maps to <undefined>
2024-10-21 15:42:28.844080 - Error en la etapa combine_unicharset: 'charmap' codec can't encode character '\u690d' in position 556: character maps to <undefined>
2024-10-21 16:03:19.709598 - Error en combine_lang_model: Error al combinar unicharset: Failed to load unicharset from tesseract_output\pvz_0.unicharset

2024-10-21 16:03:19.710597 - Error en la etapa combine_unicharset: Fallo en la etapa: combine_unicharset
2024-10-21 16:06:33.749896 - Error en la etapa combine_unicharset: 'charmap' codec can't encode character '\u690d' in position 556: character maps to <undefined>
2024-10-21 16:08:09.304174 - Error en la etapa combine_unicharset: 'charmap' codec can't encode character '\u690d' in position 556: character maps to <undefined>
2024-10-21 16:08:37.523033 - Error en la etapa combine_unicharset: 'charmap' codec can't encode character '\u690d' in position 556: character maps to <undefined>
2024-10-21 16:09:22.813182 - Error en la etapa combine_unicharset: 'charmap' codec can't encode character '\u690d' in position 556: character maps to <undefined>
2024-10-21 16:11:08.019474 - Error en combine_lang_model: Error al combinar unicharset: Failed to load unicharset from tesseract_output\pvz_0.unicharset

2024-10-21 16:11:08.020471 - Error en la etapa combine_unicharset: Fallo en la etapa: combine_unicharset
2024-10-21 16:11:11.609394 - Error en combine_lang_model: Error al combinar unicharset: Failed to load unicharset from tesseract_output\pvz_0.unicharset

2024-10-21 16:11:11.610392 - Error en la etapa combine_unicharset: Fallo en la etapa: combine_unicharset
2024-10-21 16:13:17.523139 - Error en la etapa combine_unicharset: 'charmap' codec can't encode character '\u690d' in position 736: character maps to <undefined>
2024-10-21 16:15:14.537982 - Error en la etapa combine_unicharset: 'charmap' codec can't encode character '\u690d' in position 736: character maps to <undefined>
2024-10-21 16:22:19.817062 - Error en la etapa combine_unicharset: 'charmap' codec can't encode character '\u690d' in position 745: character maps to <undefined>
2024-10-21 16:24:42.665807 - Error en combine_lang_model: Error al combinar unicharset: 
2024-10-21 16:24:42.666804 - Error en la etapa combine_unicharset: Fallo en la etapa: combine_unicharset
2024-10-21 16:27:03.509208 - Error en la etapa combine_unicharset: ord() expected a character, but string of length 4 found
2024-10-21 16:30:16.384731 - Error (código 1): Read shape table shapetable of 0 shapes
Failed to save unicharset to file tesseract_output\pvz.

2024-10-21 16:30:16.385727 - Error al combinar resultados de mftraining: Error al combinar resultados de mftraining
2024-10-21 16:30:16.386724 - Error en la etapa run_mftraining: Fallo en la etapa: run_mftraining
2024-10-21 16:34:05.820291 - Error (código 1): Read shape table shapetable of 0 shapes
Failed to save unicharset to file tesseract_output\pvz.

2024-10-21 16:34:05.820291 - Error al combinar resultados de mftraining: Error al combinar resultados de mftraining
2024-10-21 16:34:05.821288 - Error en la etapa run_mftraining: Fallo en la etapa: run_mftraining
2024-10-21 17:48:31.065586 - Error (código 1): Read shape table shapetable of 0 shapes
Failed to save unicharset to file tesseract_output\pvz.

2024-10-21 17:48:31.066583 - Error al combinar resultados de mftraining: Error al combinar resultados de mftraining
2024-10-21 17:48:31.067582 - Error en la etapa run_mftraining: Fallo en la etapa: run_mftraining
2024-10-21 19:04:19.443845 - Error (código 1): Read shape table shapetable of 22 shapes
Failed to save unicharset to file tesseract_output\pvz.

2024-10-21 19:04:19.443845 - Error al combinar resultados de mftraining: Error al combinar resultados de mftraining
2024-10-21 19:04:19.444842 - Error en la etapa run_mftraining: Fallo en la etapa: run_mftraining
2024-10-21 19:09:52.865812 - Error (código 3221225477): Read shape table shapetable of 22 shapes
Reading tesseract_output\Not_12\p0000.tr ...
Reading tesseract_output\Not_12\p0001.tr ...
Reading tesseract_output\Not_12\p0002.tr ...
Reading tesseract_output\Not_12\p0003.tr ...
Reading tesseract_output\Not_12\p0004.tr ...
Reading tesseract_output\Not_12\p0005.tr ...
Reading tesseract_output\Not_12\p0006.tr ...
Reading tesseract_output\Not_12\p0007.tr ...
Reading tesseract_output\Not_12\p0008.tr ...
Reading tesseract_output\Not_12\p0009.tr ...
Reading tesseract_output\Not_12\p0010.tr ...
Reading tesseract_output\Not_12\p0011.tr ...
Reading tesseract_output\Not_12\p0012.tr ...
Reading tesseract_output\Not_12\p0013.tr ...
Reading tesseract_output\Not_12\p0014.tr ...
Reading tesseract_output\Not_12\p0015.tr ...
Reading tesseract_output\Not_12\p0016.tr ...
Reading tesseract_output\Not_12\p0017.tr ...
Reading tesseract_output\Not_12\p0018.tr ...
Reading tesseract_output\Not_12\p0019.tr ...
Reading tesseract_output\Not_12\p0020.tr ...
Reading tesseract_output\Not_12\p0021.tr ...
Reading tesseract_output\Not_12\p0022.tr ...
Reading tesseract_output\Not_12\p0023.tr ...
Reading tesseract_output\Not_12\p0024.tr ...
Reading tesseract_output\Not_12\p0025.tr ...
Reading tesseract_output\Not_12\p0026.tr ...
Reading tesseract_output\Not_12\p0027.tr ...
Reading tesseract_output\Not_12\p0028.tr ...
Reading tesseract_output\Not_12\p0029.tr ...
Reading tesseract_output\Not_12\p0030.tr ...
Reading tesseract_output\Not_12\p0031.tr ...
Reading tesseract_output\Not_12\p0032.tr ...
Reading tesseract_output\Not_12\p0033.tr ...
Reading tesseract_output\Not_12\p0034.tr ...
Reading tesseract_output\Not_12\p0035.tr ...
Reading tesseract_output\Not_12\p0036.tr ...
Reading tesseract_output\Not_12\p0037.tr ...
Reading tesseract_output\Not_12\p0038.tr ...
Reading tesseract_output\Not_12\p0039.tr ...
Reading tesseract_output\Not_12\p0040.tr ...
Reading tesseract_output\Not_12\p0041.tr ...
Reading tesseract_output\Not_12\p0042.tr ...
Reading tesseract_output\Not_12\p0043.tr ...
Reading tesseract_output\Not_12\p0044.tr ...
Reading tesseract_output\Not_12\p0045.tr ...
Reading tesseract_output\Not_12\p0046.tr ...
Reading tesseract_output\Not_12\p0047.tr ...
Reading tesseract_output\Not_12\p0048.tr ...
Reading tesseract_output\Not_12\p0049.tr ...
Reading tesseract_output\Not_12\p0050.tr ...
Reading tesseract_output\Not_12\p0051.tr ...
Reading tesseract_output\Not_12\p0052.tr ...
Reading tesseract_output\Not_12\p0053.tr ...
Reading tesseract_output\Not_12\p0054.tr ...
Reading tesseract_output\Not_12\p0055.tr ...
Reading tesseract_output\Not_12\p0056.tr ...
Reading tesseract_output\Not_12\p0057.tr ...
Reading tesseract_output\Not_12\p0058.tr ...
Reading tesseract_output\Not_12\p0059.tr ...
Reading tesseract_output\Not_12\p0060.tr ...
Reading tesseract_output\Not_12\p0061.tr ...
Reading tesseract_output\Not_12\p0062.tr ...
Reading tesseract_output\Not_12\p0063.tr ...
Reading tesseract_output\Not_12\p0064.tr ...
Reading tesseract_output\Not_12\p0065.tr ...
Reading tesseract_output\Not_12\p0066.tr ...
Reading tesseract_output\Not_12\p0067.tr ...
Reading tesseract_output\Not_12\p0068.tr ...
Reading tesseract_output\Not_12\p0069.tr ...
Reading tesseract_output\Not_12\p0070.tr ...
Reading tesseract_output\Not_12\p0071.tr ...
Reading tesseract_output\Not_12\p0072.tr ...
Reading tesseract_output\Not_12\p0073.tr ...
Reading tesseract_output\Not_12\p0074.tr ...
Reading tesseract_output\Not_12\p0075.tr ...
Reading tesseract_output\Not_12\p0076.tr ...
Reading tesseract_output\Not_12\p0077.tr ...
Reading tesseract_output\Not_12\p0078.tr ...
Reading tesseract_output\Not_12\p0079.tr ...
Reading tesseract_output\Not_12\p0080.tr ...
Reading tesseract_output\Not_12\p0081.tr ...
Reading tesseract_output\Not_12\p0082.tr ...
Reading tesseract_output\Not_12\p0083.tr ...
Reading tesseract_output\Not_12\p0084.tr ...
Reading tesseract_output\Not_12\p0085.tr ...
Reading tesseract_output\Not_12\p0086.tr ...
Reading tesseract_output\Not_12\p0087.tr ...
Reading tesseract_output\Not_12\p0088.tr ...
Reading tesseract_output\Not_12\p0089.tr ...
Readi
2024-10-21 19:09:52.865812 - Error en mftraining: Error en el lote 0
2024-10-21 19:09:52.867807 - Error en la etapa run_mftraining: Fallo en la etapa: run_mftraining
2024-10-21 19:10:24.340004 - Error (código 3221225477): Read shape table shapetable of 22 shapes
Reading tesseract_output\Not_12\p0000.tr ...
Reading tesseract_output\Not_12\p0001.tr ...
Reading tesseract_output\Not_12\p0002.tr ...
Reading tesseract_output\Not_12\p0003.tr ...
Reading tesseract_output\Not_12\p0004.tr ...
Reading tesseract_output\Not_12\p0005.tr ...
Reading tesseract_output\Not_12\p0006.tr ...
Reading tesseract_output\Not_12\p0007.tr ...
Reading tesseract_output\Not_12\p0008.tr ...
Reading tesseract_output\Not_12\p0009.tr ...
Reading tesseract_output\Not_12\p0010.tr ...
Reading tesseract_output\Not_12\p0011.tr ...
Reading tesseract_output\Not_12\p0012.tr ...
Reading tesseract_output\Not_12\p0013.tr ...
Reading tesseract_output\Not_12\p0014.tr ...
Reading tesseract_output\Not_12\p0015.tr ...
Reading tesseract_output\Not_12\p0016.tr ...
Reading tesseract_output\Not_12\p0017.tr ...
Reading tesseract_output\Not_12\p0018.tr ...
Reading tesseract_output\Not_12\p0019.tr ...
Reading tesseract_output\Not_12\p0020.tr ...
Reading tesseract_output\Not_12\p0021.tr ...
Reading tesseract_output\Not_12\p0022.tr ...
Reading tesseract_output\Not_12\p0023.tr ...
Reading tesseract_output\Not_12\p0024.tr ...
Reading tesseract_output\Not_12\p0025.tr ...
Reading tesseract_output\Not_12\p0026.tr ...
Reading tesseract_output\Not_12\p0027.tr ...
Reading tesseract_output\Not_12\p0028.tr ...
Reading tesseract_output\Not_12\p0029.tr ...
Reading tesseract_output\Not_12\p0030.tr ...
Reading tesseract_output\Not_12\p0031.tr ...
Reading tesseract_output\Not_12\p0032.tr ...
Reading tesseract_output\Not_12\p0033.tr ...
Reading tesseract_output\Not_12\p0034.tr ...
Reading tesseract_output\Not_12\p0035.tr ...
Reading tesseract_output\Not_12\p0036.tr ...
Reading tesseract_output\Not_12\p0037.tr ...
Reading tesseract_output\Not_12\p0038.tr ...
Reading tesseract_output\Not_12\p0039.tr ...
Reading tesseract_output\Not_12\p0040.tr ...
Reading tesseract_output\Not_12\p0041.tr ...
Reading tesseract_output\Not_12\p0042.tr ...
Reading tesseract_output\Not_12\p0043.tr ...
Reading tesseract_output\Not_12\p0044.tr ...
Reading tesseract_output\Not_12\p0045.tr ...
Reading tesseract_output\Not_12\p0046.tr ...
Reading tesseract_output\Not_12\p0047.tr ...
Reading tesseract_output\Not_12\p0048.tr ...
Reading tesseract_output\Not_12\p0049.tr ...
Reading tesseract_output\Not_12\p0050.tr ...
Reading tesseract_output\Not_12\p0051.tr ...
Reading tesseract_output\Not_12\p0052.tr ...
Reading tesseract_output\Not_12\p0053.tr ...
Reading tesseract_output\Not_12\p0054.tr ...
Reading tesseract_output\Not_12\p0055.tr ...
Reading tesseract_output\Not_12\p0056.tr ...
Reading tesseract_output\Not_12\p0057.tr ...
Reading tesseract_output\Not_12\p0058.tr ...
Reading tesseract_output\Not_12\p0059.tr ...
Reading tesseract_output\Not_12\p0060.tr ...
Reading tesseract_output\Not_12\p0061.tr ...
Reading tesseract_output\Not_12\p0062.tr ...
Reading tesseract_output\Not_12\p0063.tr ...
Reading tesseract_output\Not_12\p0064.tr ...
Reading tesseract_output\Not_12\p0065.tr ...
Reading tesseract_output\Not_12\p0066.tr ...
Reading tesseract_output\Not_12\p0067.tr ...
Reading tesseract_output\Not_12\p0068.tr ...
Reading tesseract_output\Not_12\p0069.tr ...
Reading tesseract_output\Not_12\p0070.tr ...
Reading tesseract_output\Not_12\p0071.tr ...
Reading tesseract_output\Not_12\p0072.tr ...
Reading tesseract_output\Not_12\p0073.tr ...
Reading tesseract_output\Not_12\p0074.tr ...
Reading tesseract_output\Not_12\p0075.tr ...
Reading tesseract_output\Not_12\p0076.tr ...
Reading tesseract_output\Not_12\p0077.tr ...
Reading tesseract_output\Not_12\p0078.tr ...
Reading tesseract_output\Not_12\p0079.tr ...
Reading tesseract_output\Not_12\p0080.tr ...
Reading tesseract_output\Not_12\p0081.tr ...
Reading tesseract_output\Not_12\p0082.tr ...
Reading tesseract_output\Not_12\p0083.tr ...
Reading tesseract_output\Not_12\p0084.tr ...
Reading tesseract_output\Not_12\p0085.tr ...
Reading tesseract_output\Not_12\p0086.tr ...
Reading tesseract_output\Not_12\p0087.tr ...
Reading tesseract_output\Not_12\p0088.tr ...
Reading tesseract_output\Not_12\p0089.tr ...
Readi
2024-10-21 19:10:24.340004 - Error en mftraining: Error en el lote 0
2024-10-21 19:10:24.341999 - Error en la etapa run_mftraining: Fallo en la etapa: run_mftraining
2024-10-21 19:15:39.695186 - Error (código 3221225477): Read shape table shapetable of 22 shapes
Reading tesseract_output\Not_12\p0000.tr ...
Reading tesseract_output\Not_12\p0001.tr ...
Reading tesseract_output\Not_12\p0002.tr ...
Reading tesseract_output\Not_12\p0003.tr ...
Reading tesseract_output\Not_12\p0004.tr ...
Reading tesseract_output\Not_12\p0005.tr ...
Reading tesseract_output\Not_12\p0006.tr ...
Reading tesseract_output\Not_12\p0007.tr ...
Reading tesseract_output\Not_12\p0008.tr ...
Reading tesseract_output\Not_12\p0009.tr ...
Reading tesseract_output\Not_12\p0010.tr ...
Reading tesseract_output\Not_12\p0011.tr ...
Reading tesseract_output\Not_12\p0012.tr ...
Reading tesseract_output\Not_12\p0013.tr ...
Reading tesseract_output\Not_12\p0014.tr ...
Reading tesseract_output\Not_12\p0015.tr ...
Reading tesseract_output\Not_12\p0016.tr ...
Reading tesseract_output\Not_12\p0017.tr ...
Reading tesseract_output\Not_12\p0018.tr ...
Reading tesseract_output\Not_12\p0019.tr ...
Reading tesseract_output\Not_12\p0020.tr ...
Reading tesseract_output\Not_12\p0021.tr ...
Reading tesseract_output\Not_12\p0022.tr ...
Reading tesseract_output\Not_12\p0023.tr ...
Reading tesseract_output\Not_12\p0024.tr ...
Reading tesseract_output\Not_12\p0025.tr ...
Reading tesseract_output\Not_12\p0026.tr ...
Reading tesseract_output\Not_12\p0027.tr ...
Reading tesseract_output\Not_12\p0028.tr ...
Reading tesseract_output\Not_12\p0029.tr ...
Reading tesseract_output\Not_12\p0030.tr ...
Reading tesseract_output\Not_12\p0031.tr ...
Reading tesseract_output\Not_12\p0032.tr ...
Reading tesseract_output\Not_12\p0033.tr ...
Reading tesseract_output\Not_12\p0034.tr ...
Reading tesseract_output\Not_12\p0035.tr ...
Reading tesseract_output\Not_12\p0036.tr ...
Reading tesseract_output\Not_12\p0037.tr ...
Reading tesseract_output\Not_12\p0038.tr ...
Reading tesseract_output\Not_12\p0039.tr ...
Reading tesseract_output\Not_12\p0040.tr ...
Reading tesseract_output\Not_12\p0041.tr ...
Reading tesseract_output\Not_12\p0042.tr ...
Reading tesseract_output\Not_12\p0043.tr ...
Reading tesseract_output\Not_12\p0044.tr ...
Reading tesseract_output\Not_12\p0045.tr ...
Reading tesseract_output\Not_12\p0046.tr ...
Reading tesseract_output\Not_12\p0047.tr ...
Reading tesseract_output\Not_12\p0048.tr ...
Reading tesseract_output\Not_12\p0049.tr ...
Reading tesseract_output\Not_12\p0050.tr ...
Reading tesseract_output\Not_12\p0051.tr ...
Reading tesseract_output\Not_12\p0052.tr ...
Reading tesseract_output\Not_12\p0053.tr ...
Reading tesseract_output\Not_12\p0054.tr ...
Reading tesseract_output\Not_12\p0055.tr ...
Reading tesseract_output\Not_12\p0056.tr ...
Reading tesseract_output\Not_12\p0057.tr ...
Reading tesseract_output\Not_12\p0058.tr ...
Reading tesseract_output\Not_12\p0059.tr ...
Reading tesseract_output\Not_12\p0060.tr ...
Reading tesseract_output\Not_12\p0061.tr ...
Reading tesseract_output\Not_12\p0062.tr ...
Reading tesseract_output\Not_12\p0063.tr ...
Reading tesseract_output\Not_12\p0064.tr ...
Reading tesseract_output\Not_12\p0065.tr ...
Reading tesseract_output\Not_12\p0066.tr ...
Reading tesseract_output\Not_12\p0067.tr ...
Reading tesseract_output\Not_12\p0068.tr ...
Reading tesseract_output\Not_12\p0069.tr ...
Reading tesseract_output\Not_12\p0070.tr ...
Reading tesseract_output\Not_12\p0071.tr ...
Reading tesseract_output\Not_12\p0072.tr ...
Reading tesseract_output\Not_12\p0073.tr ...
Reading tesseract_output\Not_12\p0074.tr ...
Reading tesseract_output\Not_12\p0075.tr ...
Reading tesseract_output\Not_12\p0076.tr ...
Reading tesseract_output\Not_12\p0077.tr ...
Reading tesseract_output\Not_12\p0078.tr ...
Reading tesseract_output\Not_12\p0079.tr ...
Reading tesseract_output\Not_12\p0080.tr ...
Reading tesseract_output\Not_12\p0081.tr ...
Reading tesseract_output\Not_12\p0082.tr ...
Reading tesseract_output\Not_12\p0083.tr ...
Reading tesseract_output\Not_12\p0084.tr ...
Reading tesseract_output\Not_12\p0085.tr ...
Reading tesseract_output\Not_12\p0086.tr ...
Reading tesseract_output\Not_12\p0087.tr ...
Reading tesseract_output\Not_12\p0088.tr ...
Reading tesseract_output\Not_12\p0089.tr ...
Readi
2024-10-21 19:15:39.695186 - Error en mftraining para el lote 0
2024-10-21 19:15:39.696185 - Salida estándar: 
2024-10-21 19:15:39.696185 - Salida de error: Read shape table shapetable of 22 shapes
Reading tesseract_output\Not_12\p0000.tr ...
Reading tesseract_output\Not_12\p0001.tr ...
Reading tesseract_output\Not_12\p0002.tr ...
Reading tesseract_output\Not_12\p0003.tr ...
Reading tesseract_output\Not_12\p0004.tr ...
Reading tesseract_output\Not_12\p0005.tr ...
Reading tesseract_output\Not_12\p0006.tr ...
Reading tesseract_output\Not_12\p0007.tr ...
Reading tesseract_output\Not_12\p0008.tr ...
Reading tesseract_output\Not_12\p0009.tr ...
Reading tesseract_output\Not_12\p0010.tr ...
Reading tesseract_output\Not_12\p0011.tr ...
Reading tesseract_output\Not_12\p0012.tr ...
Reading tesseract_output\Not_12\p0013.tr ...
Reading tesseract_output\Not_12\p0014.tr ...
Reading tesseract_output\Not_12\p0015.tr ...
Reading tesseract_output\Not_12\p0016.tr ...
Reading tesseract_output\Not_12\p0017.tr ...
Reading tesseract_output\Not_12\p0018.tr ...
Reading tesseract_output\Not_12\p0019.tr ...
Reading tesseract_output\Not_12\p0020.tr ...
Reading tesseract_output\Not_12\p0021.tr ...
Reading tesseract_output\Not_12\p0022.tr ...
Reading tesseract_output\Not_12\p0023.tr ...
Reading tesseract_output\Not_12\p0024.tr ...
Reading tesseract_output\Not_12\p0025.tr ...
Reading tesseract_output\Not_12\p0026.tr ...
Reading tesseract_output\Not_12\p0027.tr ...
Reading tesseract_output\Not_12\p0028.tr ...
Reading tesseract_output\Not_12\p0029.tr ...
Reading tesseract_output\Not_12\p0030.tr ...
Reading tesseract_output\Not_12\p0031.tr ...
Reading tesseract_output\Not_12\p0032.tr ...
Reading tesseract_output\Not_12\p0033.tr ...
Reading tesseract_output\Not_12\p0034.tr ...
Reading tesseract_output\Not_12\p0035.tr ...
Reading tesseract_output\Not_12\p0036.tr ...
Reading tesseract_output\Not_12\p0037.tr ...
Reading tesseract_output\Not_12\p0038.tr ...
Reading tesseract_output\Not_12\p0039.tr ...
Reading tesseract_output\Not_12\p0040.tr ...
Reading tesseract_output\Not_12\p0041.tr ...
Reading tesseract_output\Not_12\p0042.tr ...
Reading tesseract_output\Not_12\p0043.tr ...
Reading tesseract_output\Not_12\p0044.tr ...
Reading tesseract_output\Not_12\p0045.tr ...
Reading tesseract_output\Not_12\p0046.tr ...
Reading tesseract_output\Not_12\p0047.tr ...
Reading tesseract_output\Not_12\p0048.tr ...
Reading tesseract_output\Not_12\p0049.tr ...
Reading tesseract_output\Not_12\p0050.tr ...
Reading tesseract_output\Not_12\p0051.tr ...
Reading tesseract_output\Not_12\p0052.tr ...
Reading tesseract_output\Not_12\p0053.tr ...
Reading tesseract_output\Not_12\p0054.tr ...
Reading tesseract_output\Not_12\p0055.tr ...
Reading tesseract_output\Not_12\p0056.tr ...
Reading tesseract_output\Not_12\p0057.tr ...
Reading tesseract_output\Not_12\p0058.tr ...
Reading tesseract_output\Not_12\p0059.tr ...
Reading tesseract_output\Not_12\p0060.tr ...
Reading tesseract_output\Not_12\p0061.tr ...
Reading tesseract_output\Not_12\p0062.tr ...
Reading tesseract_output\Not_12\p0063.tr ...
Reading tesseract_output\Not_12\p0064.tr ...
Reading tesseract_output\Not_12\p0065.tr ...
Reading tesseract_output\Not_12\p0066.tr ...
Reading tesseract_output\Not_12\p0067.tr ...
Reading tesseract_output\Not_12\p0068.tr ...
Reading tesseract_output\Not_12\p0069.tr ...
Reading tesseract_output\Not_12\p0070.tr ...
Reading tesseract_output\Not_12\p0071.tr ...
Reading tesseract_output\Not_12\p0072.tr ...
Reading tesseract_output\Not_12\p0073.tr ...
Reading tesseract_output\Not_12\p0074.tr ...
Reading tesseract_output\Not_12\p0075.tr ...
Reading tesseract_output\Not_12\p0076.tr ...
Reading tesseract_output\Not_12\p0077.tr ...
Reading tesseract_output\Not_12\p0078.tr ...
Reading tesseract_output\Not_12\p0079.tr ...
Reading tesseract_output\Not_12\p0080.tr ...
Reading tesseract_output\Not_12\p0081.tr ...
Reading tesseract_output\Not_12\p0082.tr ...
Reading tesseract_output\Not_12\p0083.tr ...
Reading tesseract_output\Not_12\p0084.tr ...
Reading tesseract_output\Not_12\p0085.tr ...
Reading tesseract_output\Not_12\p0086.tr ...
Reading tesseract_output\Not_12\p0087.tr ...
Reading tesseract_output\Not_12\p0088.tr ...
Reading tesseract_output\Not_12\p0089.tr ...
Readi
2024-10-21 19:15:39.697182 - Excepción en mftraining: Error en el lote 0
2024-10-21 19:15:39.698179 - Detalles del error: Traceback (most recent call last):
  File "c:\Users\talol\Desktop\Proyecto Traduccion Tiempo Real\train_tesseract_pvz.py", line 424, in stage_run_mftraining
    raise Exception(f"Error en el lote {i//batch_size}")
Exception: Error en el lote 0

2024-10-21 19:15:39.699176 - Error en la etapa run_mftraining: Fallo en la etapa: run_mftraining
2024-10-21 19:18:56.291689 - Excepción en mftraining: 'charmap' codec can't encode character '\u5406' in position 31000: character maps to <undefined>
2024-10-21 19:18:56.292687 - Detalles del error: Traceback (most recent call last):
  File "c:\Users\talol\Desktop\Proyecto Traduccion Tiempo Real\train_tesseract_pvz.py", line 421, in stage_run_mftraining
    result = run_command(mf_cmd)
             ^^^^^^^^^^^^^^^^^^^
  File "c:\Users\talol\Desktop\Proyecto Traduccion Tiempo Real\train_tesseract_pvz.py", line 67, in run_command
    log_error(f"Error (código {result.returncode}): {result.stderr}")
  File "c:\Users\talol\Desktop\Proyecto Traduccion Tiempo Real\train_tesseract_pvz.py", line 44, in log_error
    log_error_to_file(message)
  File "c:\Users\talol\Desktop\Proyecto Traduccion Tiempo Real\train_tesseract_pvz.py", line 51, in log_error_to_file
    f.write(f"{datetime.now()} - {error_message}\n")
  File "C:\Python312\Lib\encodings\cp1252.py", line 19, in encode
    return codecs.charmap_encode(input,self.errors,encoding_table)[0]
           ^^^^^^^^^^^^^^^^^^^^^^^^^^^^^^^^^^^^^^^^^^^^^^^^^^^^^^^
UnicodeEncodeError: 'charmap' codec can't encode character '\u5406' in position 31000: character maps to <undefined>

2024-10-21 19:18:56.294682 - Error en la etapa run_mftraining: Fallo en la etapa: run_mftraining
